  .   ____          _            __ _ _
 /\\ / ___'_ __ _ _(_)_ __  __ _ \ \ \ \
( ( )\___ | '_ | '_| | '_ \/ _` | \ \ \ \
 \\/  ___)| |_)| | | | | || (_| |  ) ) ) )
  '  |____| .__|_| |_|_| |_\__, | / / / /
 =========|_|==============|___/=/_/_/_/
 
 :: Spring Boot ::   v3.5.5
 :: Spring Cloud Stream ::   v
 :: Spring Cloud Function ::   v
2025-10-01T20:48:13.629+01:00  INFO 6036 --- [           main] c.f.t.u.UsuarioServiceApplication        : Starting UsuarioServiceApplication v0.0.1-SNAPSHOT using Java 21.0.6 with PID 6036 (C:\Users\stein\tech-challenge-fiap-backend-hospital-main1\repo-clone\tech-challenge-fiap-backend-hospital\usuario-service\target\usuario-service-0.0.1-SNAPSHOT.jar started by stein in C:\Users\stein\tech-challenge-fiap-backend-hospital-main1\repo-clone\tech-challenge-fiap-backend-hospital\usuario-service)
2025-10-01T20:48:13.640+01:00  INFO 6036 --- [           main] c.f.t.u.UsuarioServiceApplication        : No active profile set, falling back to 1 default profile: "default"
2025-10-01T20:48:16.154+01:00  INFO 6036 --- [           main] .s.d.r.c.RepositoryConfigurationDelegate : Bootstrapping Spring Data JPA repositories in DEFAULT mode.
2025-10-01T20:48:16.450+01:00  INFO 6036 --- [           main] .s.d.r.c.RepositoryConfigurationDelegate : Finished Spring Data repository scanning in 277 ms. Found 4 JPA repository interfaces.
2025-10-01T20:48:17.351+01:00  INFO 6036 --- [           main] faultConfiguringBeanFactoryPostProcessor : No bean named 'errorChannel' has been explicitly defined. Therefore, a default PublishSubscribeChannel will be created.
2025-10-01T20:48:17.389+01:00  INFO 6036 --- [           main] faultConfiguringBeanFactoryPostProcessor : No bean named 'integrationHeaderChannelRegistry' has been explicitly defined. Therefore, a default DefaultHeaderChannelRegistry will be created.
2025-10-01T20:48:17.785+01:00  INFO 6036 --- [           main] o.s.cloud.context.scope.GenericScope     : BeanFactory id=e1fc67ba-a905-3850-9e24-f85755fb603a
2025-10-01T20:48:20.606+01:00  INFO 6036 --- [           main] o.s.b.w.embedded.tomcat.TomcatWebServer  : Tomcat initialized with port 3000 (http)
2025-10-01T20:48:20.649+01:00  INFO 6036 --- [           main] o.apache.catalina.core.StandardService   : Starting service [Tomcat]
2025-10-01T20:48:20.650+01:00  INFO 6036 --- [           main] o.apache.catalina.core.StandardEngine    : Starting Servlet engine: [Apache Tomcat/10.1.44]
2025-10-01T20:48:20.731+01:00  INFO 6036 --- [           main] o.a.c.c.C.[Tomcat].[localhost].[/]       : Initializing Spring embedded WebApplicationContext
2025-10-01T20:48:20.734+01:00  INFO 6036 --- [           main] w.s.c.ServletWebServerApplicationContext : Root WebApplicationContext: initialization completed in 6896 ms
2025-10-01T20:48:22.463+01:00 DEBUG 6036 --- [           main] o.f.c.i.s.classpath.ClassPathScanner     : Scanning for classpath resources at 'classpath:db/callback' ...
2025-10-01T20:48:22.464+01:00 DEBUG 6036 --- [           main] o.f.c.i.s.classpath.ClassPathScanner     : Determining location urls for classpath:db/callback using ClassLoader TomcatEmbeddedWebappClassLoader
  context: ROOT
  delegate: true
----------> Parent Classloader:
org.springframework.boot.loader.launch.LaunchedClassLoader@254989ff
 ...
2025-10-01T20:48:22.464+01:00 DEBUG 6036 --- [           main] o.f.c.i.s.classpath.ClassPathScanner     : Unable to resolve location classpath:db/callback.
2025-10-01T20:48:22.465+01:00 DEBUG 6036 --- [           main] o.f.c.i.s.classpath.ClassPathScanner     : Scanning for classpath resources at 'classpath:db/migration' ...
2025-10-01T20:48:22.465+01:00 DEBUG 6036 --- [           main] o.f.c.i.s.classpath.ClassPathScanner     : Determining location urls for classpath:db/migration using ClassLoader TomcatEmbeddedWebappClassLoader
  context: ROOT
  delegate: true
----------> Parent Classloader:
org.springframework.boot.loader.launch.LaunchedClassLoader@254989ff
 ...
2025-10-01T20:48:22.467+01:00 DEBUG 6036 --- [           main] o.f.c.i.s.classpath.ClassPathScanner     : Scanning URL: jar:nested:/C:/Users/stein/tech-challenge-fiap-backend-hospital-main1/repo-clone/tech-challenge-fiap-backend-hospital/usuario-service/target/usuario-service-0.0.1-SNAPSHOT.jar/!BOOT-INF/classes/!/db/migration
2025-10-01T20:48:22.476+01:00 DEBUG 6036 --- [           main] o.f.c.i.s.classpath.ClassPathScanner     : Found resource: db/migration/
2025-10-01T20:48:22.477+01:00 DEBUG 6036 --- [           main] o.f.c.i.s.classpath.ClassPathScanner     : Found resource: db/migration/V1__create_table_usuarios.sql
2025-10-01T20:48:22.478+01:00 DEBUG 6036 --- [           main] o.f.c.i.s.classpath.ClassPathScanner     : Found resource: db/migration/V2__create_table_perfil.sql
2025-10-01T20:48:22.478+01:00 DEBUG 6036 --- [           main] o.f.c.i.s.classpath.ClassPathScanner     : Found resource: db/migration/V3__create_table_especialidades.sql
2025-10-01T20:48:22.479+01:00 DEBUG 6036 --- [           main] o.f.c.i.s.classpath.ClassPathScanner     : Found resource: db/migration/V4__create_table_enderecos.sql
2025-10-01T20:48:22.480+01:00 DEBUG 6036 --- [           main] o.f.c.i.s.classpath.ClassPathScanner     : Found resource: db/migration/V5__create_table_usuarios_especialidades.sql
2025-10-01T20:48:22.480+01:00 DEBUG 6036 --- [           main] o.f.c.i.s.classpath.ClassPathScanner     : Found resource: db/migration/V6__add_fk_usuarios_perfil.sql
2025-10-01T20:48:22.480+01:00 DEBUG 6036 --- [           main] o.f.c.i.s.classpath.ClassPathScanner     : Scanning for classes at classpath:db/migration
2025-10-01T20:48:22.488+01:00  INFO 6036 --- [           main] com.zaxxer.hikari.HikariDataSource       : HikariPool-1 - Starting...
2025-10-01T20:48:23.212+01:00  INFO 6036 --- [           main] com.zaxxer.hikari.pool.HikariPool        : HikariPool-1 - Added connection org.postgresql.jdbc.PgConnection@4113d9ab
2025-10-01T20:48:23.215+01:00  INFO 6036 --- [           main] com.zaxxer.hikari.HikariDataSource       : HikariPool-1 - Start completed.
2025-10-01T20:48:23.288+01:00 DEBUG 6036 --- [           main] o.f.core.internal.scanner.Scanner        : Filtering out resource: db/migration/ (filename: )
2025-10-01T20:48:23.290+01:00 DEBUG 6036 --- [           main] o.f.c.i.resource.ResourceNameValidator   : Validating V2__create_table_perfil.sql
2025-10-01T20:48:23.291+01:00 DEBUG 6036 --- [           main] o.f.c.i.resource.ResourceNameValidator   : Validating V3__create_table_especialidades.sql
2025-10-01T20:48:23.292+01:00 DEBUG 6036 --- [           main] o.f.c.i.resource.ResourceNameValidator   : Validating V5__create_table_usuarios_especialidades.sql
2025-10-01T20:48:23.292+01:00 DEBUG 6036 --- [           main] o.f.c.i.resource.ResourceNameValidator   : Validating V6__add_fk_usuarios_perfil.sql
2025-10-01T20:48:23.293+01:00 DEBUG 6036 --- [           main] o.f.c.i.resource.ResourceNameValidator   : Validating V1__create_table_usuarios.sql
2025-10-01T20:48:23.293+01:00 DEBUG 6036 --- [           main] o.f.c.i.resource.ResourceNameValidator   : Validating V4__create_table_enderecos.sql
2025-10-01T20:48:23.303+01:00 DEBUG 6036 --- [           main] o.f.c.i.database.DatabaseTypeRegister    : Multiple databases found that handle url 'jdbc:postgresql://localhost:5433/usuario': CockroachDB,PostgreSQL
2025-10-01T20:48:23.304+01:00  INFO 6036 --- [           main] org.flywaydb.core.FlywayExecutor         : Database: jdbc:postgresql://localhost:5433/usuario (PostgreSQL 15.14)
2025-10-01T20:48:23.305+01:00 DEBUG 6036 --- [           main] org.flywaydb.core.FlywayExecutor         : Database Type: PostgreSQL
2025-10-01T20:48:23.305+01:00 DEBUG 6036 --- [           main] org.flywaydb.core.FlywayExecutor         : Driver: PostgreSQL JDBC Driver 42.7.7
2025-10-01T20:48:23.305+01:00 DEBUG 6036 --- [           main] org.flywaydb.core.FlywayExecutor         : DDL Transactions Supported: true
2025-10-01T20:48:23.308+01:00 DEBUG 6036 --- [           main] o.f.c.i.s.SchemaHistoryFactory           : Schemas: public
2025-10-01T20:48:23.309+01:00 DEBUG 6036 --- [           main] o.f.c.i.s.SchemaHistoryFactory           : Default schema: null
2025-10-01T20:48:23.368+01:00 DEBUG 6036 --- [           main] org.flywaydb.core.FlywayExecutor         : Scanning for script callbacks ...
2025-10-01T20:48:23.372+01:00 DEBUG 6036 --- [           main] o.f.core.internal.scanner.Scanner        : Filtering out resource: db/migration/ (filename: )
2025-10-01T20:48:23.374+01:00 DEBUG 6036 --- [           main] o.f.c.i.c.SqlScriptCallbackFactory       : Scanning for SQL callbacks ...
2025-10-01T20:48:23.375+01:00 DEBUG 6036 --- [           main] o.f.core.internal.scanner.Scanner        : Filtering out resource: db/migration/ (filename: )
2025-10-01T20:48:23.413+01:00 DEBUG 6036 --- [           main] o.f.core.internal.command.DbValidate     : Validating migrations ...
2025-10-01T20:48:23.422+01:00 DEBUG 6036 --- [           main] o.f.c.a.c.ClassicConfiguration           : CherryPickConfigurationExtension not found
2025-10-01T20:48:23.425+01:00 DEBUG 6036 --- [           main] o.f.core.internal.scanner.Scanner        : Filtering out resource: db/migration/ (filename: )
2025-10-01T20:48:23.456+01:00 DEBUG 6036 --- [           main] o.f.core.internal.scanner.Scanner        : Filtering out resource: db/migration/ (filename: )
2025-10-01T20:48:23.457+01:00 DEBUG 6036 --- [           main] o.f.core.internal.scanner.Scanner        : Filtering out resource: db/migration/V2__create_table_perfil.sql (filename: V2__create_table_perfil.sql)
2025-10-01T20:48:23.458+01:00 DEBUG 6036 --- [           main] o.f.core.internal.scanner.Scanner        : Filtering out resource: db/migration/V3__create_table_especialidades.sql (filename: V3__create_table_especialidades.sql)
2025-10-01T20:48:23.459+01:00 DEBUG 6036 --- [           main] o.f.core.internal.scanner.Scanner        : Filtering out resource: db/migration/V5__create_table_usuarios_especialidades.sql (filename: V5__create_table_usuarios_especialidades.sql)
2025-10-01T20:48:23.459+01:00 DEBUG 6036 --- [           main] o.f.core.internal.scanner.Scanner        : Filtering out resource: db/migration/V6__add_fk_usuarios_perfil.sql (filename: V6__add_fk_usuarios_perfil.sql)
2025-10-01T20:48:23.459+01:00 DEBUG 6036 --- [           main] o.f.core.internal.scanner.Scanner        : Filtering out resource: db/migration/V1__create_table_usuarios.sql (filename: V1__create_table_usuarios.sql)
2025-10-01T20:48:23.460+01:00 DEBUG 6036 --- [           main] o.f.core.internal.scanner.Scanner        : Filtering out resource: db/migration/V4__create_table_enderecos.sql (filename: V4__create_table_enderecos.sql)
2025-10-01T20:48:23.462+01:00 DEBUG 6036 --- [           main] o.f.core.internal.scanner.Scanner        : Filtering out resource: db/migration/ (filename: )
2025-10-01T20:48:23.462+01:00 DEBUG 6036 --- [           main] o.f.core.internal.scanner.Scanner        : Filtering out resource: db/migration/V2__create_table_perfil.sql (filename: V2__create_table_perfil.sql)
2025-10-01T20:48:23.463+01:00 DEBUG 6036 --- [           main] o.f.core.internal.scanner.Scanner        : Filtering out resource: db/migration/V3__create_table_especialidades.sql (filename: V3__create_table_especialidades.sql)
2025-10-01T20:48:23.463+01:00 DEBUG 6036 --- [           main] o.f.core.internal.scanner.Scanner        : Filtering out resource: db/migration/V5__create_table_usuarios_especialidades.sql (filename: V5__create_table_usuarios_especialidades.sql)
2025-10-01T20:48:23.463+01:00 DEBUG 6036 --- [           main] o.f.core.internal.scanner.Scanner        : Filtering out resource: db/migration/V6__add_fk_usuarios_perfil.sql (filename: V6__add_fk_usuarios_perfil.sql)
2025-10-01T20:48:23.463+01:00 DEBUG 6036 --- [           main] o.f.core.internal.scanner.Scanner        : Filtering out resource: db/migration/V1__create_table_usuarios.sql (filename: V1__create_table_usuarios.sql)
2025-10-01T20:48:23.464+01:00 DEBUG 6036 --- [           main] o.f.core.internal.scanner.Scanner        : Filtering out resource: db/migration/V4__create_table_enderecos.sql (filename: V4__create_table_enderecos.sql)
2025-10-01T20:48:23.464+01:00 DEBUG 6036 --- [           main] o.f.core.internal.scanner.Scanner        : Filtering out resource: db/migration/ (filename: )
2025-10-01T20:48:23.467+01:00 DEBUG 6036 --- [           main] o.f.core.internal.scanner.Scanner        : Filtering out resource: db/migration/ (filename: )
2025-10-01T20:48:23.468+01:00 DEBUG 6036 --- [           main] o.f.core.internal.scanner.Scanner        : Filtering out resource: db/migration/V2__create_table_perfil.sql (filename: V2__create_table_perfil.sql)
2025-10-01T20:48:23.469+01:00 DEBUG 6036 --- [           main] o.f.core.internal.scanner.Scanner        : Filtering out resource: db/migration/V3__create_table_especialidades.sql (filename: V3__create_table_especialidades.sql)
2025-10-01T20:48:23.469+01:00 DEBUG 6036 --- [           main] o.f.core.internal.scanner.Scanner        : Filtering out resource: db/migration/V5__create_table_usuarios_especialidades.sql (filename: V5__create_table_usuarios_especialidades.sql)
2025-10-01T20:48:23.469+01:00 DEBUG 6036 --- [           main] o.f.core.internal.scanner.Scanner        : Filtering out resource: db/migration/V6__add_fk_usuarios_perfil.sql (filename: V6__add_fk_usuarios_perfil.sql)
2025-10-01T20:48:23.469+01:00 DEBUG 6036 --- [           main] o.f.core.internal.scanner.Scanner        : Filtering out resource: db/migration/V1__create_table_usuarios.sql (filename: V1__create_table_usuarios.sql)
2025-10-01T20:48:23.470+01:00 DEBUG 6036 --- [           main] o.f.core.internal.scanner.Scanner        : Filtering out resource: db/migration/V4__create_table_enderecos.sql (filename: V4__create_table_enderecos.sql)
2025-10-01T20:48:23.470+01:00 DEBUG 6036 --- [           main] o.f.core.internal.scanner.Scanner        : Filtering out resource: db/migration/ (filename: )
2025-10-01T20:48:23.471+01:00 DEBUG 6036 --- [           main] o.f.core.internal.scanner.Scanner        : Filtering out resource: db/migration/V2__create_table_perfil.sql (filename: V2__create_table_perfil.sql)
2025-10-01T20:48:23.472+01:00 DEBUG 6036 --- [           main] o.f.core.internal.scanner.Scanner        : Filtering out resource: db/migration/V3__create_table_especialidades.sql (filename: V3__create_table_especialidades.sql)
2025-10-01T20:48:23.472+01:00 DEBUG 6036 --- [           main] o.f.core.internal.scanner.Scanner        : Filtering out resource: db/migration/V5__create_table_usuarios_especialidades.sql (filename: V5__create_table_usuarios_especialidades.sql)
2025-10-01T20:48:23.473+01:00 DEBUG 6036 --- [           main] o.f.core.internal.scanner.Scanner        : Filtering out resource: db/migration/V6__add_fk_usuarios_perfil.sql (filename: V6__add_fk_usuarios_perfil.sql)
2025-10-01T20:48:23.473+01:00 DEBUG 6036 --- [           main] o.f.core.internal.scanner.Scanner        : Filtering out resource: db/migration/V1__create_table_usuarios.sql (filename: V1__create_table_usuarios.sql)
2025-10-01T20:48:23.473+01:00 DEBUG 6036 --- [           main] o.f.core.internal.scanner.Scanner        : Filtering out resource: db/migration/V4__create_table_enderecos.sql (filename: V4__create_table_enderecos.sql)
2025-10-01T20:48:23.581+01:00  INFO 6036 --- [           main] o.f.core.internal.command.DbValidate     : Successfully validated 6 migrations (execution time 00:00.164s)
2025-10-01T20:48:23.592+01:00 DEBUG 6036 --- [           main] o.f.core.internal.command.DbSchemas      : Skipping creation of existing schema: "public"
2025-10-01T20:48:23.631+01:00 DEBUG 6036 --- [           main] o.f.c.a.c.ClassicConfiguration           : CherryPickConfigurationExtension not found
2025-10-01T20:48:23.641+01:00  INFO 6036 --- [           main] o.f.core.internal.command.DbMigrate      : Current version of schema "public": 6
2025-10-01T20:48:23.650+01:00  INFO 6036 --- [           main] o.f.core.internal.command.DbMigrate      : Schema "public" is up to date. No migration necessary.
2025-10-01T20:48:23.685+01:00 DEBUG 6036 --- [           main] org.flywaydb.core.FlywayExecutor         : Memory usage: 89 of 119M
2025-10-01T20:48:24.259+01:00  INFO 6036 --- [           main] o.hibernate.jpa.internal.util.LogHelper  : HHH000204: Processing PersistenceUnitInfo [name: default]
2025-10-01T20:48:24.420+01:00  INFO 6036 --- [           main] org.hibernate.Version                    : HHH000412: Hibernate ORM core version 6.6.26.Final
2025-10-01T20:48:24.493+01:00  INFO 6036 --- [           main] o.h.c.internal.RegionFactoryInitiator    : HHH000026: Second-level cache disabled
2025-10-01T20:48:25.108+01:00  INFO 6036 --- [           main] o.s.o.j.p.SpringPersistenceUnitInfo      : No LoadTimeWeaver setup: ignoring JPA class transformer
2025-10-01T20:48:25.249+01:00  INFO 6036 --- [           main] org.hibernate.orm.connections.pooling    : HHH10001005: Database info:
	Database JDBC URL [Connecting through datasource 'HikariDataSource (HikariPool-1)']
	Database driver: undefined/unknown
	Database version: 15.14
	Autocommit mode: undefined/unknown
	Isolation level: undefined/unknown
	Minimum pool size: undefined/unknown
	Maximum pool size: undefined/unknown
2025-10-01T20:48:26.856+01:00  INFO 6036 --- [           main] o.h.e.t.j.p.i.JtaPlatformInitiator       : HHH000489: No JTA platform available (set 'hibernate.transaction.jta.platform' to enable JTA platform integration)
2025-10-01T20:48:26.864+01:00  INFO 6036 --- [           main] j.LocalContainerEntityManagerFactoryBean : Initialized JPA EntityManagerFactory for persistence unit 'default'
2025-10-01T20:48:28.610+01:00  INFO 6036 --- [           main] o.s.d.j.r.query.QueryEnhancerFactory     : Hibernate is in classpath; If applicable, HQL parser will be used.
2025-10-01T20:48:31.426+01:00  WARN 6036 --- [           main] JpaBaseConfiguration$JpaWebConfiguration : spring.jpa.open-in-view is enabled by default. Therefore, database queries may be performed during view rendering. Explicitly configure spring.jpa.open-in-view to disable this warning
2025-10-01T20:48:33.271+01:00  INFO 6036 --- [           main] o.s.b.a.e.web.EndpointLinksResolver      : Exposing 1 endpoint beneath base path '/actuator'
2025-10-01T20:48:33.431+01:00  INFO 6036 --- [           main] r$InitializeUserDetailsManagerConfigurer : Global AuthenticationManager configured with UserDetailsService bean with name encontraUsuarioPorLoginComando
2025-10-01T20:48:37.139+01:00  WARN 6036 --- [           main] afkaStreamsBinderConfigurationProperties : Ignoring provided value(s) for 'group.id'. Use spring.cloud.stream.default.group or spring.cloud.stream.binding.<name>.group to specify the group instead of group.id
2025-10-01T20:48:37.247+01:00  INFO 6036 --- [           main] StreamsVersionAgnosticTopologyInfoFacade : Using method org.apache.kafka.streams.processor.internals.TopologyMetadata.sourceTopicsForStore(java.lang.String,java.lang.String)
2025-10-01T20:48:37.914+01:00  INFO 6036 --- [           main] o.s.i.endpoint.EventDrivenConsumer       : Adding {logging-channel-adapter:_org.springframework.integration.errorLogger} as a subscriber to the 'errorChannel' channel
2025-10-01T20:48:37.915+01:00  INFO 6036 --- [           main] o.s.i.channel.PublishSubscribeChannel    : Channel 'application.errorChannel' has 1 subscriber(s).
2025-10-01T20:48:37.915+01:00  INFO 6036 --- [           main] o.s.i.endpoint.EventDrivenConsumer       : started bean '_org.springframework.integration.errorLogger'
2025-10-01T20:48:37.927+01:00  INFO 6036 --- [           main] o.s.i.endpoint.EventDrivenConsumer       : Removing {logging-channel-adapter:_org.springframework.integration.errorLogger} as a subscriber to the 'errorChannel' channel
2025-10-01T20:48:37.928+01:00  INFO 6036 --- [           main] o.s.i.channel.PublishSubscribeChannel    : Channel 'application.errorChannel' has 0 subscriber(s).
2025-10-01T20:48:37.928+01:00  INFO 6036 --- [           main] o.s.i.endpoint.EventDrivenConsumer       : stopped bean '_org.springframework.integration.errorLogger'
2025-10-01T20:48:37.929+01:00  WARN 6036 --- [           main] ConfigServletWebServerApplicationContext : Exception encountered during context initialization - cancelling refresh attempt: org.springframework.context.ApplicationContextException: Failed to start bean 'webServerStartStop'
2025-10-01T20:48:37.947+01:00  INFO 6036 --- [           main] j.LocalContainerEntityManagerFactoryBean : Closing JPA EntityManagerFactory for persistence unit 'default'
2025-10-01T20:48:37.953+01:00  INFO 6036 --- [           main] com.zaxxer.hikari.HikariDataSource       : HikariPool-1 - Shutdown initiated...
2025-10-01T20:48:37.966+01:00  INFO 6036 --- [           main] com.zaxxer.hikari.HikariDataSource       : HikariPool-1 - Shutdown completed.
2025-10-01T20:48:38.012+01:00  INFO 6036 --- [           main] .s.b.a.l.ConditionEvaluationReportLogger : 

Error starting ApplicationContext. To display the condition evaluation report re-run your application with 'debug' enabled.
2025-10-01T20:48:38.042+01:00 ERROR 6036 --- [           main] o.s.b.d.LoggingFailureAnalysisReporter   : 

***************************
APPLICATION FAILED TO START
***************************

Description:

Web server failed to start. Port 3000 was already in use.

Action:

Identify and stop the process that's listening on port 3000 or configure this application to listen on another port.

